<?xml version="1.0" encoding="UTF-8"?>
<!-- Generated by org.testng.reporters.JUnitReportReporter -->
<testsuite hostname="LAPTOP-E736NDKH" failures="0" tests="1" name="TestScripts.Qalegend_SuppliersTest" time="27.367" errors="0" timestamp="2025-03-04T13:47:36 IST" skipped="0">
  <testcase classname="TestScripts.Qalegend_SuppliersTest" name="deleteSupplier" time="27.367"/>
</testsuite> <!-- TestScripts.Qalegend_SuppliersTest -->
