<?xml version="1.0" encoding="UTF-8"?>
<!-- Generated by org.testng.reporters.JUnitReportReporter -->
<testsuite hostname="LAPTOP-E736NDKH" failures="0" tests="2" name="TestScripts.Qalegend_UsersTest" time="41.739" errors="0" timestamp="2025-03-07T20:20:11 IST" skipped="0">
  <testcase classname="TestScripts.Qalegend_UsersTest" name="deleteUser" time="20.476"/>
  <testcase classname="TestScripts.Qalegend_UsersTest" name="createUser" time="21.263"/>
</testsuite> <!-- TestScripts.Qalegend_UsersTest -->
