<?xml version="1.0" encoding="UTF-8"?>
<!-- Generated by org.testng.reporters.JUnitReportReporter -->
<testsuite hostname="LAPTOP-E736NDKH" failures="0" tests="1" name="TestScripts.Qalegend_SuppliersTest" time="27.534" errors="0" timestamp="2025-03-07T20:02:17 IST" skipped="0">
  <testcase classname="TestScripts.Qalegend_SuppliersTest" name="deleteSupplier" time="27.534"/>
</testsuite> <!-- TestScripts.Qalegend_SuppliersTest -->
